<?xml version="1.0" encoding="UTF-8"?>
<!-- Generated by org.testng.reporters.JUnitReportReporter -->
<testsuite hostname="DESKTOP-EJEPVVN" failures="0" tests="10" name="test.ProductSearchTest" time="170.402" errors="0" timestamp="2024-07-06T14:20:52 IST" skipped="0">
  <testcase classname="test.ProductSearchTest" name="VerifyIfUserisAbletoDisplayShoppingcatagories" time="12.597"/>
  <testcase classname="test.ProductSearchTest" name="VerifyIfUserisClickOnAddCart" time="10.558"/>
  <testcase classname="test.ProductSearchTest" name="VerifyIfUserisAbletoClickOnlogin" time="22.670"/>
  <testcase classname="test.ProductSearchTest" name="VerifyIfUserisClickOnAddCart" time="12.468"/>
  <testcase classname="test.ProductSearchTest" name="VerifyIfUserisAbletoSearchProduct" time="11.054"/>
  <testcase classname="test.ProductSearchTest" name="VerifyIfUserisClickOnTrackOrder" time="16.785"/>
  <testcase classname="test.ProductSearchTest" name="VerifyIfUserisAbletoDisplayShoppingcatagories" time="26.018"/>
  <testcase classname="test.ProductSearchTest" name="VerifyIfUserisAbletoSearchProduct" time="19.675"/>
  <testcase classname="test.ProductSearchTest" name="VerifyIfUserisClickOnTrackOrder" time="30.005"/>
  <testcase classname="test.ProductSearchTest" name="VerifyIfUserisAbletoClickOnlogin" time="8.572"/>
</testsuite> <!-- test.ProductSearchTest -->
