<?xml version="1.0" encoding="UTF-8"?>
<!-- Generated by org.testng.reporters.JUnitReportReporter -->
<testsuite hostname="DESKTOP-EJEPVVN" failures="0" tests="1" name="test.CartTest" time="46.758" errors="0" timestamp="2024-07-06T12:34:49 IST" skipped="0">
  <testcase classname="test.CartTest" name="VerifyIfUserIsAbleToProceedCheckout" time="46.758"/>
</testsuite> <!-- test.CartTest -->
