<?xml version="1.0" encoding="UTF-8"?>
<!-- Generated by org.testng.reporters.JUnitReportReporter -->
<testsuite hostname="DESKTOP-EJEPVVN" failures="0" tests="5" name="test.ProductSearchTest" time="93.726" errors="0" timestamp="2024-06-27T20:09:31 IST" skipped="0">
  <testcase classname="test.ProductSearchTest" name="VerifyIfUserisAbletoClickOnlogin" time="15.341"/>
  <testcase classname="test.ProductSearchTest" name="VerifyIfUserisAbletoDisplayShoppingcatagories" time="24.312"/>
  <testcase classname="test.ProductSearchTest" name="VerifyIfUserisAbletoSearchProduct" time="13.462"/>
  <testcase classname="test.ProductSearchTest" name="VerifyIfUserisClickOnAddCart" time="26.960"/>
  <testcase classname="test.ProductSearchTest" name="VerifyIfUserisClickOnTrackOrder" time="13.651"/>
</testsuite> <!-- test.ProductSearchTest -->
