<?xml version="1.0" encoding="UTF-8"?>
<!-- Generated by org.testng.reporters.JUnitReportReporter -->
<testsuite hostname="DESKTOP-EJEPVVN" failures="0" tests="1" name="test.ProductSearchTest" time="16.951" errors="0" timestamp="2024-07-05T21:16:33 IST" skipped="0">
  <testcase classname="test.ProductSearchTest" name="VerifyIfUserisAbletoSearchProduct" time="16.951"/>
</testsuite> <!-- test.ProductSearchTest -->
