<?xml version="1.0" encoding="UTF-8"?>
<!-- Generated by org.testng.reporters.JUnitReportReporter -->
<testsuite hostname="DESKTOP-EJEPVVN" failures="0" tests="1" name="test.CartTest" time="44.578" errors="0" timestamp="2024-06-28T15:23:47 IST" skipped="0">
  <testcase classname="test.CartTest" name="VerifyIfUserIsAbleToProceedCheckout" time="44.578"/>
</testsuite> <!-- test.CartTest -->
