<?xml version="1.0" encoding="UTF-8"?>
<!-- Generated by org.testng.reporters.JUnitReportReporter -->
<testsuite hostname="DESKTOP-EJEPVVN" failures="0" tests="4" name="test.CartTest" time="169.969" errors="0" timestamp="2024-07-06T14:20:52 IST" skipped="0">
  <testcase classname="test.CartTest" name="VerifyAddProductFromOrderDetails" time="36.977"/>
  <testcase classname="test.CartTest" name="VerifyIfUserIsAbleToProceedCheckout" time="45.415"/>
  <testcase classname="test.CartTest" name="VerifyAddProductFromOrderDetails" time="17.304"/>
  <testcase classname="test.CartTest" name="VerifyIfUserIsAbleToProceedCheckout" time="70.273"/>
</testsuite> <!-- test.CartTest -->
